;  LST file generated by mikroListExporter - v.2.0 
; Date/Time: 2/11/2024 5:42:03 PM
;----------------------------------------------

;Address Opcode 	ASM
0x0000	0x2A31      	GOTO       561
_Delay_1us:
;__Lib_Delays.c,7 :: 		void Delay_1us() {
;__Lib_Delays.c,8 :: 		Delay_us(1);
0x0003	0x0000      	NOP
0x0004	0x0000      	NOP
0x0005	0x0000      	NOP
0x0006	0x0000      	NOP
0x0007	0x0000      	NOP
;__Lib_Delays.c,9 :: 		}
L_end_Delay_1us:
0x0008	0x0008      	RETURN
; end of _Delay_1us
_Delay_5500us:
;__Lib_Delays.c,31 :: 		void Delay_5500us() {
;__Lib_Delays.c,32 :: 		Delay_us(5500);
0x0009	0x3024      	MOVLW      36
0x000A	0x1283      	BCF        STATUS, 5
0x000B	0x1303      	BCF        STATUS, 6
0x000C	0x00FC      	MOVWF      R12
0x000D	0x30B5      	MOVLW      181
0x000E	0x00FD      	MOVWF      R13
L_Delay_5500us5:
0x000F	0x0BFD      	DECFSZ     R13, 1
0x0010	0x280F      	GOTO       L_Delay_5500us5
0x0011	0x0BFC      	DECFSZ     R12, 1
0x0012	0x280F      	GOTO       L_Delay_5500us5
0x0013	0x0000      	NOP
0x0014	0x0000      	NOP
;__Lib_Delays.c,33 :: 		}
L_end_Delay_5500us:
0x0015	0x0008      	RETURN
; end of _Delay_5500us
_Delay_50us:
;__Lib_Delays.c,19 :: 		void Delay_50us() {
;__Lib_Delays.c,20 :: 		Delay_us(50);
0x0016	0x3053      	MOVLW      83
0x0017	0x1283      	BCF        STATUS, 5
0x0018	0x1303      	BCF        STATUS, 6
0x0019	0x00FD      	MOVWF      R13
L_Delay_50us2:
0x001A	0x0BFD      	DECFSZ     R13, 1
0x001B	0x281A      	GOTO       L_Delay_50us2
;__Lib_Delays.c,21 :: 		}
L_end_Delay_50us:
0x001C	0x0008      	RETURN
; end of _Delay_50us
_Lcd_Cmd:
;__Lib_Lcd.c,18 :: 		
;__Lib_Lcd.c,20 :: 		
0x001D	0x1283      	BCF        STATUS, 5
0x001E	0x1703      	BSF        STATUS, 6
0x001F	0x1B98      	BTFSC      FARG_Lcd_Cmd_out_char, 7
0x0020	0x2823      	GOTO       L__Lcd_Cmd21
0x0021	0x1386      	BCF        LCD_D7, BitPos(LCD_D7+0)
0x0022	0x2824      	GOTO       L__Lcd_Cmd22
L__Lcd_Cmd21:
0x0023	0x1786      	BSF        LCD_D7, BitPos(LCD_D7+0)
L__Lcd_Cmd22:
;__Lib_Lcd.c,21 :: 		
0x0024	0x1B18      	BTFSC      FARG_Lcd_Cmd_out_char, 6
0x0025	0x2828      	GOTO       L__Lcd_Cmd23
0x0026	0x1306      	BCF        LCD_D6, BitPos(LCD_D6+0)
0x0027	0x2829      	GOTO       L__Lcd_Cmd24
L__Lcd_Cmd23:
0x0028	0x1706      	BSF        LCD_D6, BitPos(LCD_D6+0)
L__Lcd_Cmd24:
;__Lib_Lcd.c,22 :: 		
0x0029	0x1A98      	BTFSC      FARG_Lcd_Cmd_out_char, 5
0x002A	0x282D      	GOTO       L__Lcd_Cmd25
0x002B	0x1286      	BCF        LCD_D5, BitPos(LCD_D5+0)
0x002C	0x282E      	GOTO       L__Lcd_Cmd26
L__Lcd_Cmd25:
0x002D	0x1686      	BSF        LCD_D5, BitPos(LCD_D5+0)
L__Lcd_Cmd26:
;__Lib_Lcd.c,23 :: 		
0x002E	0x1A18      	BTFSC      FARG_Lcd_Cmd_out_char, 4
0x002F	0x2832      	GOTO       L__Lcd_Cmd27
0x0030	0x1206      	BCF        LCD_D4, BitPos(LCD_D4+0)
0x0031	0x2833      	GOTO       L__Lcd_Cmd28
L__Lcd_Cmd27:
0x0032	0x1606      	BSF        LCD_D4, BitPos(LCD_D4+0)
L__Lcd_Cmd28:
;__Lib_Lcd.c,25 :: 		
0x0033	0x1683      	BSF        STATUS, 5
0x0034	0x1303      	BCF        STATUS, 6
0x0035	0x186D      	BTFSC      __Lib_Lcd_cmd_status, BitPos(__Lib_Lcd_cmd_status+0)
0x0036	0x283A      	GOTO       L__Lcd_Cmd29
0x0037	0x1283      	BCF        STATUS, 5
0x0038	0x1406      	BSF        LCD_RS, BitPos(LCD_RS+0)
0x0039	0x283C      	GOTO       L__Lcd_Cmd30
L__Lcd_Cmd29:
0x003A	0x1283      	BCF        STATUS, 5
0x003B	0x1006      	BCF        LCD_RS, BitPos(LCD_RS+0)
L__Lcd_Cmd30:
;__Lib_Lcd.c,28 :: 		
0x003C	0x1486      	BSF        LCD_EN, BitPos(LCD_EN+0)
;__Lib_Lcd.c,29 :: 		
0x003D	0x2003      	CALL       _Delay_1us
;__Lib_Lcd.c,30 :: 		
0x003E	0x1086      	BCF        LCD_EN, BitPos(LCD_EN+0)
;__Lib_Lcd.c,33 :: 		
0x003F	0x1703      	BSF        STATUS, 6
0x0040	0x1998      	BTFSC      FARG_Lcd_Cmd_out_char, 3
0x0041	0x2844      	GOTO       L__Lcd_Cmd31
0x0042	0x1386      	BCF        LCD_D7, BitPos(LCD_D7+0)
0x0043	0x2845      	GOTO       L__Lcd_Cmd32
L__Lcd_Cmd31:
0x0044	0x1786      	BSF        LCD_D7, BitPos(LCD_D7+0)
L__Lcd_Cmd32:
;__Lib_Lcd.c,34 :: 		
0x0045	0x1918      	BTFSC      FARG_Lcd_Cmd_out_char, 2
0x0046	0x2849      	GOTO       L__Lcd_Cmd33
0x0047	0x1306      	BCF        LCD_D6, BitPos(LCD_D6+0)
0x0048	0x284A      	GOTO       L__Lcd_Cmd34
L__Lcd_Cmd33:
0x0049	0x1706      	BSF        LCD_D6, BitPos(LCD_D6+0)
L__Lcd_Cmd34:
;__Lib_Lcd.c,35 :: 		
0x004A	0x1898      	BTFSC      FARG_Lcd_Cmd_out_char, 1
0x004B	0x284E      	GOTO       L__Lcd_Cmd35
0x004C	0x1286      	BCF        LCD_D5, BitPos(LCD_D5+0)
0x004D	0x284F      	GOTO       L__Lcd_Cmd36
L__Lcd_Cmd35:
0x004E	0x1686      	BSF        LCD_D5, BitPos(LCD_D5+0)
L__Lcd_Cmd36:
;__Lib_Lcd.c,36 :: 		
0x004F	0x1818      	BTFSC      FARG_Lcd_Cmd_out_char, 0
0x0050	0x2853      	GOTO       L__Lcd_Cmd37
0x0051	0x1206      	BCF        LCD_D4, BitPos(LCD_D4+0)
0x0052	0x2854      	GOTO       L__Lcd_Cmd38
L__Lcd_Cmd37:
0x0053	0x1606      	BSF        LCD_D4, BitPos(LCD_D4+0)
L__Lcd_Cmd38:
;__Lib_Lcd.c,38 :: 		
0x0054	0x1683      	BSF        STATUS, 5
0x0055	0x1303      	BCF        STATUS, 6
0x0056	0x186D      	BTFSC      __Lib_Lcd_cmd_status, BitPos(__Lib_Lcd_cmd_status+0)
0x0057	0x285B      	GOTO       L__Lcd_Cmd39
0x0058	0x1283      	BCF        STATUS, 5
0x0059	0x1406      	BSF        LCD_RS, BitPos(LCD_RS+0)
0x005A	0x285D      	GOTO       L__Lcd_Cmd40
L__Lcd_Cmd39:
0x005B	0x1283      	BCF        STATUS, 5
0x005C	0x1006      	BCF        LCD_RS, BitPos(LCD_RS+0)
L__Lcd_Cmd40:
;__Lib_Lcd.c,40 :: 		
0x005D	0x1486      	BSF        LCD_EN, BitPos(LCD_EN+0)
;__Lib_Lcd.c,41 :: 		
0x005E	0x2003      	CALL       _Delay_1us
;__Lib_Lcd.c,42 :: 		
0x005F	0x1086      	BCF        LCD_EN, BitPos(LCD_EN+0)
;__Lib_Lcd.c,44 :: 		
0x0060	0x1683      	BSF        STATUS, 5
0x0061	0x1C6D      	BTFSS      __Lib_Lcd_cmd_status, BitPos(__Lib_Lcd_cmd_status+0)
0x0062	0x2865      	GOTO       L_Lcd_Cmd0
;__Lib_Lcd.c,45 :: 		
0x0063	0x2009      	CALL       _Delay_5500us
0x0064	0x2866      	GOTO       L_Lcd_Cmd1
L_Lcd_Cmd0:
;__Lib_Lcd.c,47 :: 		
0x0065	0x2016      	CALL       _Delay_50us
L_Lcd_Cmd1:
;__Lib_Lcd.c,48 :: 		
L_end_Lcd_Cmd:
0x0066	0x0008      	RETURN
; end of _Lcd_Cmd
_Delay_10us:
;__Lib_Delays.c,11 :: 		void Delay_10us() {
;__Lib_Delays.c,12 :: 		Delay_us(10);
0x0067	0x3010      	MOVLW      16
0x0068	0x1283      	BCF        STATUS, 5
0x0069	0x1303      	BCF        STATUS, 6
0x006A	0x00FD      	MOVWF      R13
L_Delay_10us0:
0x006B	0x0BFD      	DECFSZ     R13, 1
0x006C	0x286B      	GOTO       L_Delay_10us0
0x006D	0x0000      	NOP
;__Lib_Delays.c,13 :: 		}
L_end_Delay_10us:
0x006E	0x0008      	RETURN
; end of _Delay_10us
_Keypad_Key_Press:
;__Lib_Keypad4x4.c,39 :: 		
;__Lib_Keypad4x4.c,43 :: 		
0x006F	0x1283      	BCF        STATUS, 5
0x0070	0x1703      	BSF        STATUS, 6
0x0071	0x0193      	CLRF       Keypad_Key_Press_rslt_L0
;__Lib_Keypad4x4.c,44 :: 		
0x0072	0x0195      	CLRF       Keypad_Key_Press_loc_L0
;__Lib_Keypad4x4.c,45 :: 		
0x0073	0x0196      	CLRF       Keypad_Key_Press_rowcnt_L0
;__Lib_Keypad4x4.c,46 :: 		
0x0074	0x3010      	MOVLW      16
0x0075	0x0097      	MOVWF      Keypad_Key_Press_shifter_L0
;__Lib_Keypad4x4.c,48 :: 		
L_Keypad_Key_Press0:
0x0076	0x3004      	MOVLW      4
0x0077	0x0216      	SUBWF      Keypad_Key_Press_rowcnt_L0, 0
0x0078	0x1803      	BTFSC      STATUS, 0
0x0079	0x28A4      	GOTO       L_Keypad_Key_Press1
;__Lib_Keypad4x4.c,50 :: 		
0x007A	0x30F0      	MOVLW      240
0x007B	0x1303      	BCF        STATUS, 6
0x007C	0x0087      	MOVWF      keypadPort
;__Lib_Keypad4x4.c,51 :: 		
0x007D	0x3080      	MOVLW      128
0x007E	0x00F0      	MOVWF      R0
0x007F	0x0870      	MOVF       R0, 0
0x0080	0x3E07      	ADDLW      keypadPort
0x0081	0x0084      	MOVWF      FSR
0x0082	0x1703      	BSF        STATUS, 6
0x0083	0x0917      	COMF       Keypad_Key_Press_shifter_L0, 0
0x0084	0x00F0      	MOVWF      R0
0x0085	0x0870      	MOVF       R0, 0
0x0086	0x0080      	MOVWF      INDF
;__Lib_Keypad4x4.c,55 :: 		
0x0087	0x2003      	CALL       _Delay_1us
;__Lib_Keypad4x4.c,56 :: 		
0x0088	0x2003      	CALL       _Delay_1us
;__Lib_Keypad4x4.c,57 :: 		
0x0089	0x300F      	MOVLW      15
0x008A	0x1303      	BCF        STATUS, 6
0x008B	0x0507      	ANDWF      keypadPort, 0
0x008C	0x00F0      	MOVWF      R0
0x008D	0x0870      	MOVF       R0, 0
0x008E	0x1703      	BSF        STATUS, 6
0x008F	0x0094      	MOVWF      Keypad_Key_Press_kdata_L0
;__Lib_Keypad4x4.c,58 :: 		
0x0090	0x0870      	MOVF       R0, 0
0x0091	0x1903      	BTFSC      STATUS, 2
0x0092	0x289E      	GOTO       L_Keypad_Key_Press2
;__Lib_Keypad4x4.c,60 :: 		
0x0093	0x0815      	MOVF       Keypad_Key_Press_loc_L0, 0
0x0094	0x0093      	MOVWF      Keypad_Key_Press_rslt_L0
;__Lib_Keypad4x4.c,61 :: 		
L_Keypad_Key_Press3:
0x0095	0x0814      	MOVF       Keypad_Key_Press_kdata_L0, 0
0x0096	0x1903      	BTFSC      STATUS, 2
0x0097	0x289C      	GOTO       L_Keypad_Key_Press4
;__Lib_Keypad4x4.c,62 :: 		
0x0098	0x0C94      	RRF        Keypad_Key_Press_kdata_L0, 1
0x0099	0x1394      	BCF        Keypad_Key_Press_kdata_L0, 7
;__Lib_Keypad4x4.c,63 :: 		
0x009A	0x0A93      	INCF       Keypad_Key_Press_rslt_L0, 1
;__Lib_Keypad4x4.c,64 :: 		
0x009B	0x2895      	GOTO       L_Keypad_Key_Press3
L_Keypad_Key_Press4:
;__Lib_Keypad4x4.c,66 :: 		
0x009C	0x3004      	MOVLW      4
0x009D	0x0096      	MOVWF      Keypad_Key_Press_rowcnt_L0
;__Lib_Keypad4x4.c,67 :: 		
L_Keypad_Key_Press2:
;__Lib_Keypad4x4.c,68 :: 		
0x009E	0x0D97      	RLF        Keypad_Key_Press_shifter_L0, 1
0x009F	0x1017      	BCF        Keypad_Key_Press_shifter_L0, 0
;__Lib_Keypad4x4.c,69 :: 		
0x00A0	0x3004      	MOVLW      4
0x00A1	0x0795      	ADDWF      Keypad_Key_Press_loc_L0, 1
;__Lib_Keypad4x4.c,70 :: 		
0x00A2	0x0A96      	INCF       Keypad_Key_Press_rowcnt_L0, 1
;__Lib_Keypad4x4.c,71 :: 		
0x00A3	0x2876      	GOTO       L_Keypad_Key_Press0
L_Keypad_Key_Press1:
;__Lib_Keypad4x4.c,73 :: 		
0x00A4	0x0813      	MOVF       Keypad_Key_Press_rslt_L0, 0
0x00A5	0x00F0      	MOVWF      R0
;__Lib_Keypad4x4.c,74 :: 		
L_end_Keypad_Key_Press:
0x00A6	0x0008      	RETURN
; end of _Keypad_Key_Press
_Lcd_Chr_CP:
;__Lib_Lcd.c,50 :: 		
;__Lib_Lcd.c,52 :: 		
0x00A7	0x1683      	BSF        STATUS, 5
0x00A8	0x1303      	BCF        STATUS, 6
0x00A9	0x106D      	BCF        __Lib_Lcd_cmd_status, BitPos(__Lib_Lcd_cmd_status+0)
;__Lib_Lcd.c,53 :: 		
0x00AA	0x1283      	BCF        STATUS, 5
0x00AB	0x1703      	BSF        STATUS, 6
0x00AC	0x0813      	MOVF       FARG_Lcd_Chr_CP_out_char, 0
0x00AD	0x0098      	MOVWF      FARG_Lcd_Cmd_out_char
0x00AE	0x201D      	CALL       _Lcd_Cmd
;__Lib_Lcd.c,54 :: 		
0x00AF	0x1683      	BSF        STATUS, 5
0x00B0	0x146D      	BSF        __Lib_Lcd_cmd_status, BitPos(__Lib_Lcd_cmd_status+0)
;__Lib_Lcd.c,55 :: 		
L_end_Lcd_Chr_CP:
0x00B1	0x0008      	RETURN
; end of _Lcd_Chr_CP
_____DoICP:
;__Lib_System.c,6 :: 		
;__Lib_System.c,9 :: 		
0x00B2	0x1683      	BSF        STATUS, 5
0x00B3	0x1303      	BCF        STATUS, 6
0x00B4	0x0866      	MOVF       ___DoICPAddr+1, 0
0x00B5	0x008A      	MOVWF      PCLATH
;__Lib_System.c,10 :: 		
0x00B6	0x0865      	MOVF       ___DoICPAddr, 0
0x00B7	0x0082      	MOVWF      PCL
;__Lib_System.c,12 :: 		
L_end_____DoICP:
0x00B8	0x0008      	RETURN
; end of _____DoICP
_Lcd_Chr:
;__Lib_Lcd.c,65 :: 		
;__Lib_Lcd.c,66 :: 		
0x00B9	0x28CB      	GOTO       L_Lcd_Chr4
;__Lib_Lcd.c,67 :: 		
L_Lcd_Chr6:
0x00BA	0x3080      	MOVLW      128
0x00BB	0x1283      	BCF        STATUS, 5
0x00BC	0x1703      	BSF        STATUS, 6
0x00BD	0x0090      	MOVWF      FARG_Lcd_Chr_row
0x00BE	0x28DE      	GOTO       L_Lcd_Chr5
;__Lib_Lcd.c,68 :: 		
L_Lcd_Chr7:
0x00BF	0x30C0      	MOVLW      192
0x00C0	0x0090      	MOVWF      FARG_Lcd_Chr_row
0x00C1	0x28DE      	GOTO       L_Lcd_Chr5
;__Lib_Lcd.c,69 :: 		
L_Lcd_Chr8:
0x00C2	0x3094      	MOVLW      148
0x00C3	0x0090      	MOVWF      FARG_Lcd_Chr_row
0x00C4	0x28DE      	GOTO       L_Lcd_Chr5
;__Lib_Lcd.c,70 :: 		
L_Lcd_Chr9:
0x00C5	0x30D4      	MOVLW      212
0x00C6	0x0090      	MOVWF      FARG_Lcd_Chr_row
0x00C7	0x28DE      	GOTO       L_Lcd_Chr5
;__Lib_Lcd.c,71 :: 		
L_Lcd_Chr10:
0x00C8	0x3080      	MOVLW      128
0x00C9	0x0090      	MOVWF      FARG_Lcd_Chr_row
;__Lib_Lcd.c,72 :: 		
0x00CA	0x28DE      	GOTO       L_Lcd_Chr5
L_Lcd_Chr4:
0x00CB	0x1283      	BCF        STATUS, 5
0x00CC	0x1703      	BSF        STATUS, 6
0x00CD	0x0810      	MOVF       FARG_Lcd_Chr_row, 0
0x00CE	0x3A01      	XORLW      1
0x00CF	0x1903      	BTFSC      STATUS, 2
0x00D0	0x28BA      	GOTO       L_Lcd_Chr6
0x00D1	0x0810      	MOVF       FARG_Lcd_Chr_row, 0
0x00D2	0x3A02      	XORLW      2
0x00D3	0x1903      	BTFSC      STATUS, 2
0x00D4	0x28BF      	GOTO       L_Lcd_Chr7
0x00D5	0x0810      	MOVF       FARG_Lcd_Chr_row, 0
0x00D6	0x3A03      	XORLW      3
0x00D7	0x1903      	BTFSC      STATUS, 2
0x00D8	0x28C2      	GOTO       L_Lcd_Chr8
0x00D9	0x0810      	MOVF       FARG_Lcd_Chr_row, 0
0x00DA	0x3A04      	XORLW      4
0x00DB	0x1903      	BTFSC      STATUS, 2
0x00DC	0x28C5      	GOTO       L_Lcd_Chr9
0x00DD	0x28C8      	GOTO       L_Lcd_Chr10
L_Lcd_Chr5:
;__Lib_Lcd.c,74 :: 		
0x00DE	0x0311      	DECF       FARG_Lcd_Chr_column, 0
0x00DF	0x00F0      	MOVWF      R0
0x00E0	0x0810      	MOVF       FARG_Lcd_Chr_row, 0
0x00E1	0x07F0      	ADDWF      R0, 1
0x00E2	0x0870      	MOVF       R0, 0
0x00E3	0x0090      	MOVWF      FARG_Lcd_Chr_row
;__Lib_Lcd.c,76 :: 		
0x00E4	0x1683      	BSF        STATUS, 5
0x00E5	0x1303      	BCF        STATUS, 6
0x00E6	0x146D      	BSF        __Lib_Lcd_cmd_status, BitPos(__Lib_Lcd_cmd_status+0)
;__Lib_Lcd.c,77 :: 		
0x00E7	0x0870      	MOVF       R0, 0
0x00E8	0x1283      	BCF        STATUS, 5
0x00E9	0x1703      	BSF        STATUS, 6
0x00EA	0x0098      	MOVWF      FARG_Lcd_Cmd_out_char
0x00EB	0x201D      	CALL       _Lcd_Cmd
;__Lib_Lcd.c,79 :: 		
0x00EC	0x1683      	BSF        STATUS, 5
0x00ED	0x106D      	BCF        __Lib_Lcd_cmd_status, BitPos(__Lib_Lcd_cmd_status+0)
;__Lib_Lcd.c,80 :: 		
0x00EE	0x1283      	BCF        STATUS, 5
0x00EF	0x1703      	BSF        STATUS, 6
0x00F0	0x0812      	MOVF       FARG_Lcd_Chr_out_char, 0
0x00F1	0x0098      	MOVWF      FARG_Lcd_Cmd_out_char
0x00F2	0x201D      	CALL       _Lcd_Cmd
;__Lib_Lcd.c,81 :: 		
0x00F3	0x1683      	BSF        STATUS, 5
0x00F4	0x146D      	BSF        __Lib_Lcd_cmd_status, BitPos(__Lib_Lcd_cmd_status+0)
;__Lib_Lcd.c,82 :: 		
L_end_Lcd_Chr:
0x00F5	0x0008      	RETURN
; end of _Lcd_Chr
___CC2DW:
;__Lib_System.c,134 :: 		
;__Lib_System.c,137 :: 		
_CC2D_Loop1:
;__Lib_System.c,139 :: 		
0x00F6	0x20B2      	CALL       _____DoICP
0x00F7	0x118A      	BCF        PCLATH, 3
0x00F8	0x120A      	BCF        PCLATH, 4
;__Lib_System.c,141 :: 		
0x00F9	0x0080      	MOVWF      INDF
;__Lib_System.c,142 :: 		
0x00FA	0x0A84      	INCF       FSR, 1
;__Lib_System.c,143 :: 		
0x00FB	0x0AE5      	INCF       ___DoICPAddr, 1
;__Lib_System.c,145 :: 		
0x00FC	0x1903      	BTFSC      STATUS, 2
;__Lib_System.c,146 :: 		
0x00FD	0x0AE6      	INCF       ___DoICPAddr+1, 1
;__Lib_System.c,147 :: 		
0x00FE	0x03F0      	DECF       R0, 1
;__Lib_System.c,149 :: 		
0x00FF	0x1D03      	BTFSS      STATUS, 2
;__Lib_System.c,150 :: 		
0x0100	0x28F6      	GOTO       _CC2D_Loop1
;__Lib_System.c,152 :: 		
L_end___CC2DW:
0x0101	0x0008      	RETURN
; end of ___CC2DW
_Keypad_Key_Click:
;__Lib_Keypad4x4.c,77 :: 		
;__Lib_Keypad4x4.c,81 :: 		
0x0102	0x206F      	CALL       _Keypad_Key_Press
0x0103	0x0870      	MOVF       R0, 0
0x0104	0x1683      	BSF        STATUS, 5
0x0105	0x1303      	BCF        STATUS, 6
0x0106	0x00EF      	MOVWF      Keypad_Key_Click_rslt_L0
;__Lib_Keypad4x4.c,83 :: 		
L_Keypad_Key_Click5:
0x0107	0x300F      	MOVLW      15
0x0108	0x1283      	BCF        STATUS, 5
0x0109	0x0507      	ANDWF      keypadPort, 0
0x010A	0x00F0      	MOVWF      R0
0x010B	0x1903      	BTFSC      STATUS, 2
0x010C	0x290F      	GOTO       L_Keypad_Key_Click6
;__Lib_Keypad4x4.c,84 :: 		
0x010D	0x2067      	CALL       _Delay_10us
0x010E	0x2907      	GOTO       L_Keypad_Key_Click5
L_Keypad_Key_Click6:
;__Lib_Keypad4x4.c,86 :: 		
0x010F	0x1683      	BSF        STATUS, 5
0x0110	0x086F      	MOVF       Keypad_Key_Click_rslt_L0, 0
0x0111	0x00F0      	MOVWF      R0
;__Lib_Keypad4x4.c,87 :: 		
L_end_Keypad_Key_Click:
0x0112	0x0008      	RETURN
; end of _Keypad_Key_Click
_strcmp:
;__Lib_CString.c,115 :: 		
;__Lib_CString.c,117 :: 		
L_strcmp30:
0x0113	0x1283      	BCF        STATUS, 5
0x0114	0x1703      	BSF        STATUS, 6
0x0115	0x0810      	MOVF       FARG_strcmp_s1, 0
0x0116	0x0084      	MOVWF      FSR
0x0117	0x0800      	MOVF       INDF, 0
0x0118	0x1903      	BTFSC      STATUS, 2
0x0119	0x2927      	GOTO       L_strcmp31
0x011A	0x0810      	MOVF       FARG_strcmp_s1, 0
0x011B	0x0084      	MOVWF      FSR
0x011C	0x0800      	MOVF       INDF, 0
0x011D	0x00F1      	MOVWF      R1
0x011E	0x0811      	MOVF       FARG_strcmp_s2, 0
0x011F	0x0084      	MOVWF      FSR
0x0120	0x0871      	MOVF       R1, 0
0x0121	0x0600      	XORWF      INDF, 0
0x0122	0x1D03      	BTFSS      STATUS, 2
0x0123	0x2927      	GOTO       L_strcmp31
L__strcmp112:
;__Lib_CString.c,118 :: 		
0x0124	0x0A90      	INCF       FARG_strcmp_s1, 1
0x0125	0x0A91      	INCF       FARG_strcmp_s2, 1
0x0126	0x2913      	GOTO       L_strcmp30
L_strcmp31:
;__Lib_CString.c,120 :: 		
0x0127	0x0810      	MOVF       FARG_strcmp_s1, 0
0x0128	0x0084      	MOVWF      FSR
0x0129	0x0800      	MOVF       INDF, 0
0x012A	0x00F0      	MOVWF      R0
0x012B	0x0811      	MOVF       FARG_strcmp_s2, 0
0x012C	0x0084      	MOVWF      FSR
0x012D	0x0800      	MOVF       INDF, 0
0x012E	0x02F0      	SUBWF      R0, 1
0x012F	0x01F1      	CLRF       R0+1
0x0130	0x1C03      	BTFSS      STATUS, 0
0x0131	0x03F1      	DECF       R0+1, 1
;__Lib_CString.c,121 :: 		
L_end_strcmp:
0x0132	0x0008      	RETURN
; end of _strcmp
_Keypad_Init:
;__Lib_Keypad4x4.c,34 :: 		
;__Lib_Keypad4x4.c,35 :: 		
0x0133	0x3080      	MOVLW      128
0x0134	0x1283      	BCF        STATUS, 5
0x0135	0x1303      	BCF        STATUS, 6
0x0136	0x00F0      	MOVWF      R0
0x0137	0x0870      	MOVF       R0, 0
0x0138	0x3E07      	ADDLW      keypadPort
0x0139	0x0084      	MOVWF      FSR
0x013A	0x30FF      	MOVLW      255
0x013B	0x0080      	MOVWF      INDF
;__Lib_Keypad4x4.c,36 :: 		
L_end_Keypad_Init:
0x013C	0x0008      	RETURN
; end of _Keypad_Init
_key4x3:
;Securitysystem.c,20 :: 		char key4x3(short x){ // Function to return key number
;Securitysystem.c,22 :: 		switch(x){
0x013D	0x2964      	GOTO       L_key4x30
;Securitysystem.c,23 :: 		case 1: kp = '1'; break;
L_key4x32:
0x013E	0x3031      	MOVLW      49
0x013F	0x1283      	BCF        STATUS, 5
0x0140	0x1303      	BCF        STATUS, 6
0x0141	0x00F1      	MOVWF      R1
0x0142	0x2996      	GOTO       L_key4x31
;Securitysystem.c,24 :: 		case 2: kp = '2'; break;
L_key4x33:
0x0143	0x3032      	MOVLW      50
0x0144	0x00F1      	MOVWF      R1
0x0145	0x2996      	GOTO       L_key4x31
;Securitysystem.c,25 :: 		case 3: kp = '3'; break;
L_key4x34:
0x0146	0x3033      	MOVLW      51
0x0147	0x00F1      	MOVWF      R1
0x0148	0x2996      	GOTO       L_key4x31
;Securitysystem.c,26 :: 		case 5: kp = '4'; break;
L_key4x35:
0x0149	0x3034      	MOVLW      52
0x014A	0x00F1      	MOVWF      R1
0x014B	0x2996      	GOTO       L_key4x31
;Securitysystem.c,27 :: 		case 6: kp = '5'; break;
L_key4x36:
0x014C	0x3035      	MOVLW      53
0x014D	0x00F1      	MOVWF      R1
0x014E	0x2996      	GOTO       L_key4x31
;Securitysystem.c,28 :: 		case 7: kp = '6'; break;
L_key4x37:
0x014F	0x3036      	MOVLW      54
0x0150	0x00F1      	MOVWF      R1
0x0151	0x2996      	GOTO       L_key4x31
;Securitysystem.c,29 :: 		case 9: kp = '7'; break;
L_key4x38:
0x0152	0x3037      	MOVLW      55
0x0153	0x00F1      	MOVWF      R1
0x0154	0x2996      	GOTO       L_key4x31
;Securitysystem.c,30 :: 		case 10: kp = '8'; break;
L_key4x39:
0x0155	0x3038      	MOVLW      56
0x0156	0x00F1      	MOVWF      R1
0x0157	0x2996      	GOTO       L_key4x31
;Securitysystem.c,31 :: 		case 11: kp = '9'; break;
L_key4x310:
0x0158	0x3039      	MOVLW      57
0x0159	0x00F1      	MOVWF      R1
0x015A	0x2996      	GOTO       L_key4x31
;Securitysystem.c,32 :: 		case 13: kp = '*'; break;
L_key4x311:
0x015B	0x302A      	MOVLW      42
0x015C	0x00F1      	MOVWF      R1
0x015D	0x2996      	GOTO       L_key4x31
;Securitysystem.c,33 :: 		case 14: kp = '0'; break;
L_key4x312:
0x015E	0x3030      	MOVLW      48
0x015F	0x00F1      	MOVWF      R1
0x0160	0x2996      	GOTO       L_key4x31
;Securitysystem.c,34 :: 		case 15: kp = '#'; break;
L_key4x313:
0x0161	0x3023      	MOVLW      35
0x0162	0x00F1      	MOVWF      R1
0x0163	0x2996      	GOTO       L_key4x31
;Securitysystem.c,35 :: 		}
L_key4x30:
0x0164	0x1683      	BSF        STATUS, 5
0x0165	0x1303      	BCF        STATUS, 6
0x0166	0x086F      	MOVF       FARG_key4x3_x, 0
0x0167	0x3A01      	XORLW      1
0x0168	0x1903      	BTFSC      STATUS, 2
0x0169	0x293E      	GOTO       L_key4x32
0x016A	0x086F      	MOVF       FARG_key4x3_x, 0
0x016B	0x3A02      	XORLW      2
0x016C	0x1903      	BTFSC      STATUS, 2
0x016D	0x2943      	GOTO       L_key4x33
0x016E	0x086F      	MOVF       FARG_key4x3_x, 0
0x016F	0x3A03      	XORLW      3
0x0170	0x1903      	BTFSC      STATUS, 2
0x0171	0x2946      	GOTO       L_key4x34
0x0172	0x086F      	MOVF       FARG_key4x3_x, 0
0x0173	0x3A05      	XORLW      5
0x0174	0x1903      	BTFSC      STATUS, 2
0x0175	0x2949      	GOTO       L_key4x35
0x0176	0x086F      	MOVF       FARG_key4x3_x, 0
0x0177	0x3A06      	XORLW      6
0x0178	0x1903      	BTFSC      STATUS, 2
0x0179	0x294C      	GOTO       L_key4x36
0x017A	0x086F      	MOVF       FARG_key4x3_x, 0
0x017B	0x3A07      	XORLW      7
0x017C	0x1903      	BTFSC      STATUS, 2
0x017D	0x294F      	GOTO       L_key4x37
0x017E	0x086F      	MOVF       FARG_key4x3_x, 0
0x017F	0x3A09      	XORLW      9
0x0180	0x1903      	BTFSC      STATUS, 2
0x0181	0x2952      	GOTO       L_key4x38
0x0182	0x086F      	MOVF       FARG_key4x3_x, 0
0x0183	0x3A0A      	XORLW      10
0x0184	0x1903      	BTFSC      STATUS, 2
0x0185	0x2955      	GOTO       L_key4x39
0x0186	0x086F      	MOVF       FARG_key4x3_x, 0
0x0187	0x3A0B      	XORLW      11
0x0188	0x1903      	BTFSC      STATUS, 2
0x0189	0x2958      	GOTO       L_key4x310
0x018A	0x086F      	MOVF       FARG_key4x3_x, 0
0x018B	0x3A0D      	XORLW      13
0x018C	0x1903      	BTFSC      STATUS, 2
0x018D	0x295B      	GOTO       L_key4x311
0x018E	0x086F      	MOVF       FARG_key4x3_x, 0
0x018F	0x3A0E      	XORLW      14
0x0190	0x1903      	BTFSC      STATUS, 2
0x0191	0x295E      	GOTO       L_key4x312
0x0192	0x086F      	MOVF       FARG_key4x3_x, 0
0x0193	0x3A0F      	XORLW      15
0x0194	0x1903      	BTFSC      STATUS, 2
0x0195	0x2961      	GOTO       L_key4x313
L_key4x31:
;Securitysystem.c,36 :: 		return kp;
0x0196	0x0871      	MOVF       R1, 0
0x0197	0x00F0      	MOVWF      R0
;Securitysystem.c,37 :: 		}
L_end_key4x3:
0x0198	0x0008      	RETURN
; end of _key4x3
_Lcd_Init:
;__Lib_Lcd.c,84 :: 		
;__Lib_Lcd.c,86 :: 		
0x0199	0x1683      	BSF        STATUS, 5
0x019A	0x1303      	BCF        STATUS, 6
0x019B	0x1086      	BCF        LCD_EN_Direction, BitPos(LCD_EN_Direction+0)
;__Lib_Lcd.c,87 :: 		
0x019C	0x1006      	BCF        LCD_RS_Direction, BitPos(LCD_RS_Direction+0)
;__Lib_Lcd.c,88 :: 		
0x019D	0x1206      	BCF        LCD_D4_Direction, BitPos(LCD_D4_Direction+0)
;__Lib_Lcd.c,89 :: 		
0x019E	0x1286      	BCF        LCD_D5_Direction, BitPos(LCD_D5_Direction+0)
;__Lib_Lcd.c,90 :: 		
0x019F	0x1306      	BCF        LCD_D6_Direction, BitPos(LCD_D6_Direction+0)
;__Lib_Lcd.c,91 :: 		
0x01A0	0x1386      	BCF        LCD_D7_Direction, BitPos(LCD_D7_Direction+0)
;__Lib_Lcd.c,93 :: 		
0x01A1	0x1283      	BCF        STATUS, 5
0x01A2	0x1086      	BCF        LCD_EN, BitPos(LCD_EN+0)
;__Lib_Lcd.c,94 :: 		
0x01A3	0x1006      	BCF        LCD_RS, BitPos(LCD_RS+0)
;__Lib_Lcd.c,95 :: 		
0x01A4	0x1386      	BCF        LCD_D7, BitPos(LCD_D7+0)
;__Lib_Lcd.c,96 :: 		
0x01A5	0x1306      	BCF        LCD_D6, BitPos(LCD_D6+0)
;__Lib_Lcd.c,97 :: 		
0x01A6	0x1286      	BCF        LCD_D5, BitPos(LCD_D5+0)
;__Lib_Lcd.c,98 :: 		
0x01A7	0x1206      	BCF        LCD_D4, BitPos(LCD_D4+0)
;__Lib_Lcd.c,100 :: 		
0x01A8	0x2009      	CALL       _Delay_5500us
;__Lib_Lcd.c,101 :: 		
0x01A9	0x2009      	CALL       _Delay_5500us
;__Lib_Lcd.c,102 :: 		
0x01AA	0x2009      	CALL       _Delay_5500us
;__Lib_Lcd.c,105 :: 		
0x01AB	0x1686      	BSF        LCD_D5, BitPos(LCD_D5+0)
;__Lib_Lcd.c,106 :: 		
0x01AC	0x1606      	BSF        LCD_D4, BitPos(LCD_D4+0)
;__Lib_Lcd.c,107 :: 		
0x01AD	0x1486      	BSF        LCD_EN, BitPos(LCD_EN+0)
;__Lib_Lcd.c,108 :: 		
0x01AE	0x2003      	CALL       _Delay_1us
;__Lib_Lcd.c,109 :: 		
0x01AF	0x1086      	BCF        LCD_EN, BitPos(LCD_EN+0)
;__Lib_Lcd.c,110 :: 		
0x01B0	0x2009      	CALL       _Delay_5500us
;__Lib_Lcd.c,112 :: 		
0x01B1	0x1486      	BSF        LCD_EN, BitPos(LCD_EN+0)
;__Lib_Lcd.c,113 :: 		
0x01B2	0x2003      	CALL       _Delay_1us
;__Lib_Lcd.c,114 :: 		
0x01B3	0x1086      	BCF        LCD_EN, BitPos(LCD_EN+0)
;__Lib_Lcd.c,115 :: 		
0x01B4	0x2009      	CALL       _Delay_5500us
;__Lib_Lcd.c,117 :: 		
0x01B5	0x1486      	BSF        LCD_EN, BitPos(LCD_EN+0)
;__Lib_Lcd.c,118 :: 		
0x01B6	0x2003      	CALL       _Delay_1us
;__Lib_Lcd.c,119 :: 		
0x01B7	0x1086      	BCF        LCD_EN, BitPos(LCD_EN+0)
;__Lib_Lcd.c,120 :: 		
0x01B8	0x2009      	CALL       _Delay_5500us
;__Lib_Lcd.c,123 :: 		
0x01B9	0x1206      	BCF        LCD_D4, BitPos(LCD_D4+0)
;__Lib_Lcd.c,124 :: 		
0x01BA	0x1486      	BSF        LCD_EN, BitPos(LCD_EN+0)
;__Lib_Lcd.c,125 :: 		
0x01BB	0x2003      	CALL       _Delay_1us
;__Lib_Lcd.c,126 :: 		
0x01BC	0x1086      	BCF        LCD_EN, BitPos(LCD_EN+0)
;__Lib_Lcd.c,127 :: 		
0x01BD	0x2009      	CALL       _Delay_5500us
;__Lib_Lcd.c,130 :: 		
0x01BE	0x1486      	BSF        LCD_EN, BitPos(LCD_EN+0)
;__Lib_Lcd.c,131 :: 		
0x01BF	0x2003      	CALL       _Delay_1us
;__Lib_Lcd.c,132 :: 		
0x01C0	0x1086      	BCF        LCD_EN, BitPos(LCD_EN+0)
;__Lib_Lcd.c,134 :: 		
0x01C1	0x1286      	BCF        LCD_D5, BitPos(LCD_D5+0)
;__Lib_Lcd.c,135 :: 		
0x01C2	0x1786      	BSF        LCD_D7, BitPos(LCD_D7+0)
;__Lib_Lcd.c,136 :: 		
0x01C3	0x1486      	BSF        LCD_EN, BitPos(LCD_EN+0)
;__Lib_Lcd.c,137 :: 		
0x01C4	0x2003      	CALL       _Delay_1us
;__Lib_Lcd.c,138 :: 		
0x01C5	0x1086      	BCF        LCD_EN, BitPos(LCD_EN+0)
;__Lib_Lcd.c,139 :: 		
0x01C6	0x2009      	CALL       _Delay_5500us
;__Lib_Lcd.c,142 :: 		
0x01C7	0x1386      	BCF        LCD_D7, BitPos(LCD_D7+0)
;__Lib_Lcd.c,143 :: 		
0x01C8	0x1606      	BSF        LCD_D4, BitPos(LCD_D4+0)
;__Lib_Lcd.c,144 :: 		
0x01C9	0x1486      	BSF        LCD_EN, BitPos(LCD_EN+0)
;__Lib_Lcd.c,145 :: 		
0x01CA	0x2003      	CALL       _Delay_1us
;__Lib_Lcd.c,146 :: 		
0x01CB	0x1086      	BCF        LCD_EN, BitPos(LCD_EN+0)
;__Lib_Lcd.c,148 :: 		
0x01CC	0x1206      	BCF        LCD_D4, BitPos(LCD_D4+0)
;__Lib_Lcd.c,149 :: 		
0x01CD	0x1486      	BSF        LCD_EN, BitPos(LCD_EN+0)
;__Lib_Lcd.c,150 :: 		
0x01CE	0x2003      	CALL       _Delay_1us
;__Lib_Lcd.c,151 :: 		
0x01CF	0x1086      	BCF        LCD_EN, BitPos(LCD_EN+0)
;__Lib_Lcd.c,152 :: 		
0x01D0	0x2009      	CALL       _Delay_5500us
;__Lib_Lcd.c,155 :: 		
0x01D1	0x1486      	BSF        LCD_EN, BitPos(LCD_EN+0)
;__Lib_Lcd.c,156 :: 		
0x01D2	0x2003      	CALL       _Delay_1us
;__Lib_Lcd.c,157 :: 		
0x01D3	0x1086      	BCF        LCD_EN, BitPos(LCD_EN+0)
;__Lib_Lcd.c,159 :: 		
0x01D4	0x1606      	BSF        LCD_D4, BitPos(LCD_D4+0)
;__Lib_Lcd.c,160 :: 		
0x01D5	0x1486      	BSF        LCD_EN, BitPos(LCD_EN+0)
;__Lib_Lcd.c,161 :: 		
0x01D6	0x2003      	CALL       _Delay_1us
;__Lib_Lcd.c,162 :: 		
0x01D7	0x1086      	BCF        LCD_EN, BitPos(LCD_EN+0)
;__Lib_Lcd.c,163 :: 		
0x01D8	0x2009      	CALL       _Delay_5500us
;__Lib_Lcd.c,166 :: 		
0x01D9	0x1206      	BCF        LCD_D4, BitPos(LCD_D4+0)
;__Lib_Lcd.c,167 :: 		
0x01DA	0x1486      	BSF        LCD_EN, BitPos(LCD_EN+0)
;__Lib_Lcd.c,168 :: 		
0x01DB	0x2003      	CALL       _Delay_1us
;__Lib_Lcd.c,169 :: 		
0x01DC	0x1086      	BCF        LCD_EN, BitPos(LCD_EN+0)
;__Lib_Lcd.c,171 :: 		
0x01DD	0x1786      	BSF        LCD_D7, BitPos(LCD_D7+0)
;__Lib_Lcd.c,172 :: 		
0x01DE	0x1706      	BSF        LCD_D6, BitPos(LCD_D6+0)
;__Lib_Lcd.c,173 :: 		
0x01DF	0x1686      	BSF        LCD_D5, BitPos(LCD_D5+0)
;__Lib_Lcd.c,174 :: 		
0x01E0	0x1606      	BSF        LCD_D4, BitPos(LCD_D4+0)
;__Lib_Lcd.c,175 :: 		
0x01E1	0x1486      	BSF        LCD_EN, BitPos(LCD_EN+0)
;__Lib_Lcd.c,176 :: 		
0x01E2	0x2003      	CALL       _Delay_1us
;__Lib_Lcd.c,177 :: 		
0x01E3	0x1086      	BCF        LCD_EN, BitPos(LCD_EN+0)
;__Lib_Lcd.c,179 :: 		
0x01E4	0x2009      	CALL       _Delay_5500us
;__Lib_Lcd.c,181 :: 		
0x01E5	0x1683      	BSF        STATUS, 5
0x01E6	0x146D      	BSF        __Lib_Lcd_cmd_status, BitPos(__Lib_Lcd_cmd_status+0)
;__Lib_Lcd.c,182 :: 		
L_end_Lcd_Init:
0x01E7	0x0008      	RETURN
; end of _Lcd_Init
_Lcd_Out:
;__Lib_Lcd.c,184 :: 		
;__Lib_Lcd.c,187 :: 		
0x01E8	0x29FA      	GOTO       L_Lcd_Out11
;__Lib_Lcd.c,188 :: 		
L_Lcd_Out13:
0x01E9	0x3080      	MOVLW      128
0x01EA	0x1283      	BCF        STATUS, 5
0x01EB	0x1703      	BSF        STATUS, 6
0x01EC	0x0090      	MOVWF      FARG_Lcd_Out_row
0x01ED	0x2A0D      	GOTO       L_Lcd_Out12
;__Lib_Lcd.c,189 :: 		
L_Lcd_Out14:
0x01EE	0x30C0      	MOVLW      192
0x01EF	0x0090      	MOVWF      FARG_Lcd_Out_row
0x01F0	0x2A0D      	GOTO       L_Lcd_Out12
;__Lib_Lcd.c,190 :: 		
L_Lcd_Out15:
0x01F1	0x3094      	MOVLW      148
0x01F2	0x0090      	MOVWF      FARG_Lcd_Out_row
0x01F3	0x2A0D      	GOTO       L_Lcd_Out12
;__Lib_Lcd.c,191 :: 		
L_Lcd_Out16:
0x01F4	0x30D4      	MOVLW      212
0x01F5	0x0090      	MOVWF      FARG_Lcd_Out_row
0x01F6	0x2A0D      	GOTO       L_Lcd_Out12
;__Lib_Lcd.c,192 :: 		
L_Lcd_Out17:
0x01F7	0x3080      	MOVLW      128
0x01F8	0x0090      	MOVWF      FARG_Lcd_Out_row
;__Lib_Lcd.c,193 :: 		
0x01F9	0x2A0D      	GOTO       L_Lcd_Out12
L_Lcd_Out11:
0x01FA	0x1283      	BCF        STATUS, 5
0x01FB	0x1703      	BSF        STATUS, 6
0x01FC	0x0810      	MOVF       FARG_Lcd_Out_row, 0
0x01FD	0x3A01      	XORLW      1
0x01FE	0x1903      	BTFSC      STATUS, 2
0x01FF	0x29E9      	GOTO       L_Lcd_Out13
0x0200	0x0810      	MOVF       FARG_Lcd_Out_row, 0
0x0201	0x3A02      	XORLW      2
0x0202	0x1903      	BTFSC      STATUS, 2
0x0203	0x29EE      	GOTO       L_Lcd_Out14
0x0204	0x0810      	MOVF       FARG_Lcd_Out_row, 0
0x0205	0x3A03      	XORLW      3
0x0206	0x1903      	BTFSC      STATUS, 2
0x0207	0x29F1      	GOTO       L_Lcd_Out15
0x0208	0x0810      	MOVF       FARG_Lcd_Out_row, 0
0x0209	0x3A04      	XORLW      4
0x020A	0x1903      	BTFSC      STATUS, 2
0x020B	0x29F4      	GOTO       L_Lcd_Out16
0x020C	0x29F7      	GOTO       L_Lcd_Out17
L_Lcd_Out12:
;__Lib_Lcd.c,194 :: 		
0x020D	0x0311      	DECF       FARG_Lcd_Out_column, 0
0x020E	0x00F0      	MOVWF      R0
0x020F	0x0810      	MOVF       FARG_Lcd_Out_row, 0
0x0210	0x07F0      	ADDWF      R0, 1
0x0211	0x0870      	MOVF       R0, 0
0x0212	0x0090      	MOVWF      FARG_Lcd_Out_row
;__Lib_Lcd.c,196 :: 		
0x0213	0x0870      	MOVF       R0, 0
0x0214	0x0098      	MOVWF      FARG_Lcd_Cmd_out_char
0x0215	0x201D      	CALL       _Lcd_Cmd
;__Lib_Lcd.c,197 :: 		
0x0216	0x1683      	BSF        STATUS, 5
0x0217	0x106D      	BCF        __Lib_Lcd_cmd_status, BitPos(__Lib_Lcd_cmd_status+0)
;__Lib_Lcd.c,198 :: 		
0x0218	0x01EF      	CLRF       Lcd_Out_i_L0
;__Lib_Lcd.c,199 :: 		
L_Lcd_Out18:
0x0219	0x086F      	MOVF       Lcd_Out_i_L0, 0
0x021A	0x1283      	BCF        STATUS, 5
0x021B	0x1703      	BSF        STATUS, 6
0x021C	0x0712      	ADDWF      FARG_Lcd_Out_text, 0
0x021D	0x0084      	MOVWF      FSR
0x021E	0x0800      	MOVF       INDF, 0
0x021F	0x1903      	BTFSC      STATUS, 2
0x0220	0x2A2D      	GOTO       L_Lcd_Out19
;__Lib_Lcd.c,200 :: 		
0x0221	0x1683      	BSF        STATUS, 5
0x0222	0x1303      	BCF        STATUS, 6
0x0223	0x086F      	MOVF       Lcd_Out_i_L0, 0
0x0224	0x1283      	BCF        STATUS, 5
0x0225	0x1703      	BSF        STATUS, 6
0x0226	0x0712      	ADDWF      FARG_Lcd_Out_text, 0
0x0227	0x0084      	MOVWF      FSR
0x0228	0x0800      	MOVF       INDF, 0
0x0229	0x0093      	MOVWF      FARG_Lcd_Chr_CP_out_char
0x022A	0x20A7      	CALL       _Lcd_Chr_CP
0x022B	0x0AEF      	INCF       Lcd_Out_i_L0, 1
0x022C	0x2A19      	GOTO       L_Lcd_Out18
L_Lcd_Out19:
0x022D	0x1683      	BSF        STATUS, 5
0x022E	0x1303      	BCF        STATUS, 6
;__Lib_Lcd.c,201 :: 		
0x022F	0x146D      	BSF        __Lib_Lcd_cmd_status, BitPos(__Lib_Lcd_cmd_status+0)
;__Lib_Lcd.c,202 :: 		
L_end_Lcd_Out:
0x0230	0x0008      	RETURN
; end of _Lcd_Out
_main:
0x0231	0x2400      	CALL       1024
;Securitysystem.c,38 :: 		void main(){
;Securitysystem.c,39 :: 		trisd = 0; // Define D as output
0x0232	0x1683      	BSF        STATUS, 5
0x0233	0x1303      	BCF        STATUS, 6
0x0234	0x0188      	CLRF       TRISD
;Securitysystem.c,40 :: 		RD0_bit = 0; // Turn off RD0 portd.f0 = 0;
0x0235	0x1283      	BCF        STATUS, 5
0x0236	0x1008      	BCF        RD0_bit, BitPos(RD0_bit+0)
;Securitysystem.c,41 :: 		RD1_bit = 0; // Turn off RD1 portd.f1 = 0;
0x0237	0x1088      	BCF        RD1_bit, BitPos(RD1_bit+0)
;Securitysystem.c,42 :: 		Lcd_Init(); // Inialize LCD screen
0x0238	0x2199      	CALL       _Lcd_Init
;Securitysystem.c,43 :: 		Keypad_Init(); // Inialize keypad
0x0239	0x2133      	CALL       _Keypad_Init
;Securitysystem.c,44 :: 		Lcd_Cmd(_LCD_CLEAR); // Clear display
0x023A	0x3001      	MOVLW      1
0x023B	0x1703      	BSF        STATUS, 6
0x023C	0x0098      	MOVWF      FARG_Lcd_Cmd_out_char
0x023D	0x201D      	CALL       _Lcd_Cmd
;Securitysystem.c,45 :: 		Lcd_Cmd(_LCD_CURSOR_OFF); // Cursor off
0x023E	0x300C      	MOVLW      12
0x023F	0x1703      	BSF        STATUS, 6
0x0240	0x0098      	MOVWF      FARG_Lcd_Cmd_out_char
0x0241	0x201D      	CALL       _Lcd_Cmd
;Securitysystem.c,46 :: 		Lcd_Out(1, 1, "Hello^_^"); // Write text in first row
0x0242	0x3001      	MOVLW      1
0x0243	0x1703      	BSF        STATUS, 6
0x0244	0x0090      	MOVWF      FARG_Lcd_Out_row
0x0245	0x3001      	MOVLW      1
0x0246	0x0091      	MOVWF      FARG_Lcd_Out_column
0x0247	0x3020      	MOVLW      ?lstr1_Securitysystem
0x0248	0x0092      	MOVWF      FARG_Lcd_Out_text
0x0249	0x21E8      	CALL       _Lcd_Out
;Securitysystem.c,47 :: 		Delay_ms(1000); // Wait 1 seconds
0x024A	0x301A      	MOVLW      26
0x024B	0x00FB      	MOVWF      R11
0x024C	0x305E      	MOVLW      94
0x024D	0x00FC      	MOVWF      R12
0x024E	0x306E      	MOVLW      110
0x024F	0x00FD      	MOVWF      R13
L_main14:
0x0250	0x0BFD      	DECFSZ     R13, 1
0x0251	0x2A50      	GOTO       L_main14
0x0252	0x0BFC      	DECFSZ     R12, 1
0x0253	0x2A50      	GOTO       L_main14
0x0254	0x0BFB      	DECFSZ     R11, 1
0x0255	0x2A50      	GOTO       L_main14
0x0256	0x0000      	NOP
;Securitysystem.c,48 :: 		Lcd_Cmd(_LCD_CLEAR); // Clear display
0x0257	0x3001      	MOVLW      1
0x0258	0x1283      	BCF        STATUS, 5
0x0259	0x1703      	BSF        STATUS, 6
0x025A	0x0098      	MOVWF      FARG_Lcd_Cmd_out_char
0x025B	0x201D      	CALL       _Lcd_Cmd
;Securitysystem.c,49 :: 		Lcd_Cmd(_LCD_CURSOR_OFF); // Cursor off
0x025C	0x300C      	MOVLW      12
0x025D	0x1703      	BSF        STATUS, 6
0x025E	0x0098      	MOVWF      FARG_Lcd_Cmd_out_char
0x025F	0x201D      	CALL       _Lcd_Cmd
;Securitysystem.c,50 :: 		Lcd_Out(1, 1, "Enter Password: "); // Write text in first row
0x0260	0x3001      	MOVLW      1
0x0261	0x1703      	BSF        STATUS, 6
0x0262	0x0090      	MOVWF      FARG_Lcd_Out_row
0x0263	0x3001      	MOVLW      1
0x0264	0x0091      	MOVWF      FARG_Lcd_Out_column
0x0265	0x303A      	MOVLW      ?lstr2_Securitysystem
0x0266	0x0092      	MOVWF      FARG_Lcd_Out_text
0x0267	0x21E8      	CALL       _Lcd_Out
;Securitysystem.c,51 :: 		while (1){
L_main15:
;Securitysystem.c,52 :: 		do{
L_main17:
;Securitysystem.c,53 :: 		k = Keypad_Key_Click(); // read clicked keypad keys
0x0268	0x2102      	CALL       _Keypad_Key_Click
0x0269	0x0870      	MOVF       R0, 0
0x026A	0x00DC      	MOVWF      _k
;Securitysystem.c,54 :: 		delay_ms(100);
0x026B	0x3003      	MOVLW      3
0x026C	0x00FB      	MOVWF      R11
0x026D	0x308A      	MOVLW      138
0x026E	0x00FC      	MOVWF      R12
0x026F	0x3055      	MOVLW      85
0x0270	0x00FD      	MOVWF      R13
L_main20:
0x0271	0x0BFD      	DECFSZ     R13, 1
0x0272	0x2A71      	GOTO       L_main20
0x0273	0x0BFC      	DECFSZ     R12, 1
0x0274	0x2A71      	GOTO       L_main20
0x0275	0x0BFB      	DECFSZ     R11, 1
0x0276	0x2A71      	GOTO       L_main20
0x0277	0x0000      	NOP
0x0278	0x0000      	NOP
;Securitysystem.c,55 :: 		if(k != 0){ //has the user pressed on a key? // if a new key clicked
0x0279	0x085C      	MOVF       _k, 0
0x027A	0x3A00      	XORLW      0
0x027B	0x1903      	BTFSC      STATUS, 2
0x027C	0x2ABC      	GOTO       L_main21
;Securitysystem.c,56 :: 		if (key4x3(k) == '#'){ // if pressed key ='#' clear screen
0x027D	0x085C      	MOVF       _k, 0
0x027E	0x00EF      	MOVWF      FARG_key4x3_x
0x027F	0x213D      	CALL       _key4x3
0x0280	0x1283      	BCF        STATUS, 5
0x0281	0x1303      	BCF        STATUS, 6
0x0282	0x0870      	MOVF       R0, 0
0x0283	0x3A23      	XORLW      35
0x0284	0x1D03      	BTFSS      STATUS, 2
0x0285	0x2A9A      	GOTO       L_main22
;Securitysystem.c,57 :: 		Lcd_Cmd(_LCD_CLEAR); // Clear display
0x0286	0x3001      	MOVLW      1
0x0287	0x1703      	BSF        STATUS, 6
0x0288	0x0098      	MOVWF      FARG_Lcd_Cmd_out_char
0x0289	0x201D      	CALL       _Lcd_Cmd
;Securitysystem.c,58 :: 		Lcd_Out(1, 1, "Enter Password: "); // Write text in first row
0x028A	0x3001      	MOVLW      1
0x028B	0x1703      	BSF        STATUS, 6
0x028C	0x0090      	MOVWF      FARG_Lcd_Out_row
0x028D	0x3001      	MOVLW      1
0x028E	0x0091      	MOVWF      FARG_Lcd_Out_column
0x028F	0x30CB      	MOVLW      ?lstr3_Securitysystem
0x0290	0x0092      	MOVWF      FARG_Lcd_Out_text
0x0291	0x21E8      	CALL       _Lcd_Out
;Securitysystem.c,59 :: 		RD0_bit = 0;
0x0292	0x1283      	BCF        STATUS, 5
0x0293	0x1008      	BCF        RD0_bit, BitPos(RD0_bit+0)
;Securitysystem.c,60 :: 		RD1_bit = 0;
0x0294	0x1088      	BCF        RD1_bit, BitPos(RD1_bit+0)
;Securitysystem.c,61 :: 		i = 0; // reset counter
0x0295	0x1683      	BSF        STATUS, 5
0x0296	0x01CA      	CLRF       _i
;Securitysystem.c,62 :: 		Q = 0; // reset counter
0x0297	0x01E3      	CLRF       _Q
0x0298	0x01E4      	CLRF       _Q+1
;Securitysystem.c,63 :: 		}else{ // Store pressed key in input array and print it on lcd sceen
0x0299	0x2ABC      	GOTO       L_main23
L_main22:
0x029A	0x1683      	BSF        STATUS, 5
;Securitysystem.c,64 :: 		pass_input[i] = key4x3(k);
0x029B	0x084A      	MOVF       _i, 0
0x029C	0x3EE7      	ADDLW      _pass_input
0x029D	0x00EE      	MOVWF      FLOC__main
0x029E	0x085C      	MOVF       _k, 0
0x029F	0x00EF      	MOVWF      FARG_key4x3_x
0x02A0	0x213D      	CALL       _key4x3
0x02A1	0x1683      	BSF        STATUS, 5
0x02A2	0x1303      	BCF        STATUS, 6
0x02A3	0x086E      	MOVF       FLOC__main, 0
0x02A4	0x0084      	MOVWF      FSR
0x02A5	0x0870      	MOVF       R0, 0
0x02A6	0x0080      	MOVWF      INDF
;Securitysystem.c,65 :: 		lcd_chr(2, i + 1, pass_input[i]); // Write text in second row
0x02A7	0x3002      	MOVLW      2
0x02A8	0x1283      	BCF        STATUS, 5
0x02A9	0x1703      	BSF        STATUS, 6
0x02AA	0x0090      	MOVWF      FARG_Lcd_Chr_row
0x02AB	0x1683      	BSF        STATUS, 5
0x02AC	0x1303      	BCF        STATUS, 6
0x02AD	0x0A4A      	INCF       _i, 0
0x02AE	0x1283      	BCF        STATUS, 5
0x02AF	0x1703      	BSF        STATUS, 6
0x02B0	0x0091      	MOVWF      FARG_Lcd_Chr_column
0x02B1	0x1683      	BSF        STATUS, 5
0x02B2	0x1303      	BCF        STATUS, 6
0x02B3	0x084A      	MOVF       _i, 0
0x02B4	0x3EE7      	ADDLW      _pass_input
0x02B5	0x0084      	MOVWF      FSR
0x02B6	0x0800      	MOVF       INDF, 0
0x02B7	0x1283      	BCF        STATUS, 5
0x02B8	0x1703      	BSF        STATUS, 6
0x02B9	0x0092      	MOVWF      FARG_Lcd_Chr_out_char
0x02BA	0x20B9      	CALL       _Lcd_Chr
;Securitysystem.c,66 :: 		i++; // increment input numbers counter
0x02BB	0x0ACA      	INCF       _i, 1
;Securitysystem.c,67 :: 		}
L_main23:
;Securitysystem.c,68 :: 		}
L_main21:
;Securitysystem.c,70 :: 		while(i < 5); // If input keys = 5 go to next step to check password
0x02BC	0x3080      	MOVLW      128
0x02BD	0x064A      	XORWF      _i, 0
0x02BE	0x00F0      	MOVWF      R0
0x02BF	0x3080      	MOVLW      128
0x02C0	0x3A05      	XORLW      5
0x02C1	0x0270      	SUBWF      R0, 0
0x02C2	0x1C03      	BTFSS      STATUS, 0
0x02C3	0x2A68      	GOTO       L_main17
;Securitysystem.c,71 :: 		if(strcmp(pass, pass_input) == 0){ // if password is correct
0x02C4	0x30DD      	MOVLW      _pass
0x02C5	0x1283      	BCF        STATUS, 5
0x02C6	0x1703      	BSF        STATUS, 6
0x02C7	0x0090      	MOVWF      FARG_strcmp_s1
0x02C8	0x30E7      	MOVLW      _pass_input
0x02C9	0x0091      	MOVWF      FARG_strcmp_s2
0x02CA	0x2113      	CALL       _strcmp
0x02CB	0x3000      	MOVLW      0
0x02CC	0x0671      	XORWF      R0+1, 0
0x02CD	0x1D03      	BTFSS      STATUS, 2
0x02CE	0x2AD1      	GOTO       L__main32
0x02CF	0x3000      	MOVLW      0
0x02D0	0x0670      	XORWF      R0, 0
L__main32:
0x02D1	0x1D03      	BTFSS      STATUS, 2
0x02D2	0x2AFF      	GOTO       L_main24
;Securitysystem.c,72 :: 		Lcd_Cmd(_LCD_CLEAR); // Clear display
0x02D3	0x3001      	MOVLW      1
0x02D4	0x0098      	MOVWF      FARG_Lcd_Cmd_out_char
0x02D5	0x201D      	CALL       _Lcd_Cmd
;Securitysystem.c,73 :: 		Lcd_Cmd(_LCD_CURSOR_OFF); // Cursor off
0x02D6	0x300C      	MOVLW      12
0x02D7	0x1703      	BSF        STATUS, 6
0x02D8	0x0098      	MOVWF      FARG_Lcd_Cmd_out_char
0x02D9	0x201D      	CALL       _Lcd_Cmd
;Securitysystem.c,74 :: 		Lcd_Out(1, 1, "Correct Password"); // Write text in first row
0x02DA	0x3001      	MOVLW      1
0x02DB	0x1703      	BSF        STATUS, 6
0x02DC	0x0090      	MOVWF      FARG_Lcd_Out_row
0x02DD	0x3001      	MOVLW      1
0x02DE	0x0091      	MOVWF      FARG_Lcd_Out_column
0x02DF	0x30A0      	MOVLW      ?lstr4_Securitysystem
0x02E0	0x0092      	MOVWF      FARG_Lcd_Out_text
0x02E1	0x21E8      	CALL       _Lcd_Out
;Securitysystem.c,75 :: 		Lcd_Out(2, 1, "Welcome^_^"); // Write text in second row
0x02E2	0x3002      	MOVLW      2
0x02E3	0x1283      	BCF        STATUS, 5
0x02E4	0x1703      	BSF        STATUS, 6
0x02E5	0x0090      	MOVWF      FARG_Lcd_Out_row
0x02E6	0x3001      	MOVLW      1
0x02E7	0x0091      	MOVWF      FARG_Lcd_Out_column
0x02E8	0x305B      	MOVLW      ?lstr5_Securitysystem
0x02E9	0x0092      	MOVWF      FARG_Lcd_Out_text
0x02EA	0x21E8      	CALL       _Lcd_Out
;Securitysystem.c,76 :: 		RD0_bit = 1; // Turn on relay
0x02EB	0x1283      	BCF        STATUS, 5
0x02EC	0x1408      	BSF        RD0_bit, BitPos(RD0_bit+0)
;Securitysystem.c,77 :: 		delay_ms(2000); // Wait 2 seconds
0x02ED	0x3033      	MOVLW      51
0x02EE	0x00FB      	MOVWF      R11
0x02EF	0x30BB      	MOVLW      187
0x02F0	0x00FC      	MOVWF      R12
0x02F1	0x30DF      	MOVLW      223
0x02F2	0x00FD      	MOVWF      R13
L_main25:
0x02F3	0x0BFD      	DECFSZ     R13, 1
0x02F4	0x2AF3      	GOTO       L_main25
0x02F5	0x0BFC      	DECFSZ     R12, 1
0x02F6	0x2AF3      	GOTO       L_main25
0x02F7	0x0BFB      	DECFSZ     R11, 1
0x02F8	0x2AF3      	GOTO       L_main25
0x02F9	0x0000      	NOP
0x02FA	0x0000      	NOP
;Securitysystem.c,78 :: 		Q = 0; // reset counter
0x02FB	0x1683      	BSF        STATUS, 5
0x02FC	0x01E3      	CLRF       _Q
0x02FD	0x01E4      	CLRF       _Q+1
;Securitysystem.c,79 :: 		}else{ // If password is wronge
0x02FE	0x2B2D      	GOTO       L_main26
L_main24:
;Securitysystem.c,80 :: 		Lcd_Cmd(_LCD_CLEAR); // Clear display
0x02FF	0x3001      	MOVLW      1
0x0300	0x1283      	BCF        STATUS, 5
0x0301	0x1703      	BSF        STATUS, 6
0x0302	0x0098      	MOVWF      FARG_Lcd_Cmd_out_char
0x0303	0x201D      	CALL       _Lcd_Cmd
;Securitysystem.c,81 :: 		Lcd_Cmd(_LCD_CURSOR_OFF); // Cursor off
0x0304	0x300C      	MOVLW      12
0x0305	0x1703      	BSF        STATUS, 6
0x0306	0x0098      	MOVWF      FARG_Lcd_Cmd_out_char
0x0307	0x201D      	CALL       _Lcd_Cmd
;Securitysystem.c,82 :: 		Lcd_Out(1, 1, "Wrong Password!"); // Write text in first row
0x0308	0x3001      	MOVLW      1
0x0309	0x1703      	BSF        STATUS, 6
0x030A	0x0090      	MOVWF      FARG_Lcd_Out_row
0x030B	0x3001      	MOVLW      1
0x030C	0x0091      	MOVWF      FARG_Lcd_Out_column
0x030D	0x304B      	MOVLW      ?lstr6_Securitysystem
0x030E	0x0092      	MOVWF      FARG_Lcd_Out_text
0x030F	0x21E8      	CALL       _Lcd_Out
;Securitysystem.c,83 :: 		Lcd_Out(2, 1, "Try again.."); // Write text in second row
0x0310	0x3002      	MOVLW      2
0x0311	0x1283      	BCF        STATUS, 5
0x0312	0x1703      	BSF        STATUS, 6
0x0313	0x0090      	MOVWF      FARG_Lcd_Out_row
0x0314	0x3001      	MOVLW      1
0x0315	0x0091      	MOVWF      FARG_Lcd_Out_column
0x0316	0x30BE      	MOVLW      ?lstr7_Securitysystem
0x0317	0x0092      	MOVWF      FARG_Lcd_Out_text
0x0318	0x21E8      	CALL       _Lcd_Out
;Securitysystem.c,84 :: 		RD0_bit = 0; // Turn off relay
0x0319	0x1283      	BCF        STATUS, 5
0x031A	0x1008      	BCF        RD0_bit, BitPos(RD0_bit+0)
;Securitysystem.c,85 :: 		delay_ms(2000); // Wait 2 seconds
0x031B	0x3033      	MOVLW      51
0x031C	0x00FB      	MOVWF      R11
0x031D	0x30BB      	MOVLW      187
0x031E	0x00FC      	MOVWF      R12
0x031F	0x30DF      	MOVLW      223
0x0320	0x00FD      	MOVWF      R13
L_main27:
0x0321	0x0BFD      	DECFSZ     R13, 1
0x0322	0x2B21      	GOTO       L_main27
0x0323	0x0BFC      	DECFSZ     R12, 1
0x0324	0x2B21      	GOTO       L_main27
0x0325	0x0BFB      	DECFSZ     R11, 1
0x0326	0x2B21      	GOTO       L_main27
0x0327	0x0000      	NOP
0x0328	0x0000      	NOP
;Securitysystem.c,86 :: 		Q++; // count +110
0x0329	0x1683      	BSF        STATUS, 5
0x032A	0x0AE3      	INCF       _Q, 1
0x032B	0x1903      	BTFSC      STATUS, 2
0x032C	0x0AE4      	INCF       _Q+1, 1
;Securitysystem.c,87 :: 		}
L_main26:
;Securitysystem.c,88 :: 		if( Q == 3 ){
0x032D	0x3000      	MOVLW      0
0x032E	0x0664      	XORWF      _Q+1, 0
0x032F	0x1D03      	BTFSS      STATUS, 2
0x0330	0x2B33      	GOTO       L__main33
0x0331	0x3003      	MOVLW      3
0x0332	0x0663      	XORWF      _Q, 0
L__main33:
0x0333	0x1D03      	BTFSS      STATUS, 2
0x0334	0x2B52      	GOTO       L_main28
;Securitysystem.c,89 :: 		Lcd_Cmd(_LCD_CLEAR); // Clear display
0x0335	0x3001      	MOVLW      1
0x0336	0x1283      	BCF        STATUS, 5
0x0337	0x1703      	BSF        STATUS, 6
0x0338	0x0098      	MOVWF      FARG_Lcd_Cmd_out_char
0x0339	0x201D      	CALL       _Lcd_Cmd
;Securitysystem.c,90 :: 		Lcd_Cmd(_LCD_CURSOR_OFF); // Cursor off
0x033A	0x300C      	MOVLW      12
0x033B	0x1703      	BSF        STATUS, 6
0x033C	0x0098      	MOVWF      FARG_Lcd_Cmd_out_char
0x033D	0x201D      	CALL       _Lcd_Cmd
;Securitysystem.c,91 :: 		Lcd_Out(1, 1, "warning!!"); // Write text in first row
0x033E	0x3001      	MOVLW      1
0x033F	0x1703      	BSF        STATUS, 6
0x0340	0x0090      	MOVWF      FARG_Lcd_Out_row
0x0341	0x3001      	MOVLW      1
0x0342	0x0091      	MOVWF      FARG_Lcd_Out_column
0x0343	0x3066      	MOVLW      ?lstr8_Securitysystem
0x0344	0x0092      	MOVWF      FARG_Lcd_Out_text
0x0345	0x21E8      	CALL       _Lcd_Out
;Securitysystem.c,92 :: 		Lcd_Out(2, 1, "system break"); // Write text in second row
0x0346	0x3002      	MOVLW      2
0x0347	0x1283      	BCF        STATUS, 5
0x0348	0x1703      	BSF        STATUS, 6
0x0349	0x0090      	MOVWF      FARG_Lcd_Out_row
0x034A	0x3001      	MOVLW      1
0x034B	0x0091      	MOVWF      FARG_Lcd_Out_column
0x034C	0x30B1      	MOVLW      ?lstr9_Securitysystem
0x034D	0x0092      	MOVWF      FARG_Lcd_Out_text
0x034E	0x21E8      	CALL       _Lcd_Out
;Securitysystem.c,93 :: 		RD1_bit = 1; // Turn on D1
0x034F	0x1283      	BCF        STATUS, 5
0x0350	0x1488      	BSF        RD1_bit, BitPos(RD1_bit+0)
;Securitysystem.c,94 :: 		break;
0x0351	0x2B65      	GOTO       L_main16
;Securitysystem.c,95 :: 		}else{
L_main28:
0x0352	0x1283      	BCF        STATUS, 5
;Securitysystem.c,96 :: 		Lcd_Cmd(_LCD_CLEAR); // Clear display
0x0353	0x3001      	MOVLW      1
0x0354	0x1703      	BSF        STATUS, 6
0x0355	0x0098      	MOVWF      FARG_Lcd_Cmd_out_char
0x0356	0x201D      	CALL       _Lcd_Cmd
;Securitysystem.c,97 :: 		Lcd_Cmd(_LCD_CURSOR_OFF); // Cursor off
0x0357	0x300C      	MOVLW      12
0x0358	0x1703      	BSF        STATUS, 6
0x0359	0x0098      	MOVWF      FARG_Lcd_Cmd_out_char
0x035A	0x201D      	CALL       _Lcd_Cmd
;Securitysystem.c,98 :: 		Lcd_Out(1, 1, "Enter Password: "); // Write text in first row
0x035B	0x3001      	MOVLW      1
0x035C	0x1703      	BSF        STATUS, 6
0x035D	0x0090      	MOVWF      FARG_Lcd_Out_row
0x035E	0x3001      	MOVLW      1
0x035F	0x0091      	MOVWF      FARG_Lcd_Out_column
0x0360	0x3029      	MOVLW      ?lstr10_Securitysystem
0x0361	0x0092      	MOVWF      FARG_Lcd_Out_text
0x0362	0x21E8      	CALL       _Lcd_Out
;Securitysystem.c,99 :: 		i = 0;
0x0363	0x01CA      	CLRF       _i
;Securitysystem.c,101 :: 		}
0x0364	0x2A68      	GOTO       L_main15
L_main16:
;Securitysystem.c,102 :: 		}
L_end_main:
0x0365	0x2B65      	GOTO       $+0
; end of _main
0x0400	0x3020      	MOVLW      32
0x0401	0x0084      	MOVWF      FSR
0x0402	0x3046      	MOVLW      70
0x0403	0x1283      	BCF        STATUS, 5
0x0404	0x1303      	BCF        STATUS, 6
0x0405	0x00F0      	MOVWF      R0
0x0406	0x306B      	MOVLW      107
0x0407	0x1683      	BSF        STATUS, 5
0x0408	0x00E5      	MOVWF      ___DoICPAddr
0x0409	0x3003      	MOVLW      3
0x040A	0x00E6      	MOVWF      230
0x040B	0x20F6      	CALL       246
0x040C	0x30A0      	MOVLW      160
0x040D	0x0084      	MOVWF      FSR
0x040E	0x301E      	MOVLW      30
0x040F	0x1303      	BCF        STATUS, 6
0x0410	0x00F0      	MOVWF      R0
0x0411	0x30D8      	MOVLW      216
0x0412	0x1683      	BSF        STATUS, 5
0x0413	0x00E5      	MOVWF      ___DoICPAddr
0x0414	0x3003      	MOVLW      3
0x0415	0x00E6      	MOVWF      230
0x0416	0x20F6      	CALL       246
0x0417	0x3066      	MOVLW      102
0x0418	0x0084      	MOVWF      FSR
0x0419	0x300A      	MOVLW      10
0x041A	0x1303      	BCF        STATUS, 6
0x041B	0x00F0      	MOVWF      R0
0x041C	0x30F6      	MOVLW      246
0x041D	0x1683      	BSF        STATUS, 5
0x041E	0x00E5      	MOVWF      ___DoICPAddr
0x041F	0x3003      	MOVLW      3
0x0420	0x00E6      	MOVWF      230
0x0421	0x20F6      	CALL       246
0x0422	0x30BE      	MOVLW      190
0x0423	0x0084      	MOVWF      FSR
0x0424	0x3027      	MOVLW      39
0x0425	0x1303      	BCF        STATUS, 6
0x0426	0x00F0      	MOVWF      R0
0x0427	0x30B1      	MOVLW      177
0x0428	0x1683      	BSF        STATUS, 5
0x0429	0x00E5      	MOVWF      ___DoICPAddr
0x042A	0x3003      	MOVLW      3
0x042B	0x00E6      	MOVWF      230
0x042C	0x20F6      	CALL       246
0x042D	0x0008      	RETURN
;Securitysystem.c,0 :: ?ICS?lstr1_Securitysystem
0x036B	0x3448 ;?ICS?lstr1_Securitysystem+0
0x036C	0x3465 ;?ICS?lstr1_Securitysystem+1
0x036D	0x346C ;?ICS?lstr1_Securitysystem+2
0x036E	0x346C ;?ICS?lstr1_Securitysystem+3
0x036F	0x346F ;?ICS?lstr1_Securitysystem+4
0x0370	0x345E ;?ICS?lstr1_Securitysystem+5
0x0371	0x345F ;?ICS?lstr1_Securitysystem+6
0x0372	0x345E ;?ICS?lstr1_Securitysystem+7
0x0373	0x3400 ;?ICS?lstr1_Securitysystem+8
; end of ?ICS?lstr1_Securitysystem
;Securitysystem.c,0 :: ?ICS?lstr10_Securitysystem
0x0374	0x3445 ;?ICS?lstr10_Securitysystem+0
0x0375	0x346E ;?ICS?lstr10_Securitysystem+1
0x0376	0x3474 ;?ICS?lstr10_Securitysystem+2
0x0377	0x3465 ;?ICS?lstr10_Securitysystem+3
0x0378	0x3472 ;?ICS?lstr10_Securitysystem+4
0x0379	0x3420 ;?ICS?lstr10_Securitysystem+5
0x037A	0x3450 ;?ICS?lstr10_Securitysystem+6
0x037B	0x3461 ;?ICS?lstr10_Securitysystem+7
0x037C	0x3473 ;?ICS?lstr10_Securitysystem+8
0x037D	0x3473 ;?ICS?lstr10_Securitysystem+9
0x037E	0x3477 ;?ICS?lstr10_Securitysystem+10
0x037F	0x346F ;?ICS?lstr10_Securitysystem+11
0x0380	0x3472 ;?ICS?lstr10_Securitysystem+12
0x0381	0x3464 ;?ICS?lstr10_Securitysystem+13
0x0382	0x343A ;?ICS?lstr10_Securitysystem+14
0x0383	0x3420 ;?ICS?lstr10_Securitysystem+15
0x0384	0x3400 ;?ICS?lstr10_Securitysystem+16
; end of ?ICS?lstr10_Securitysystem
;Securitysystem.c,0 :: ?ICS?lstr2_Securitysystem
0x0385	0x3445 ;?ICS?lstr2_Securitysystem+0
0x0386	0x346E ;?ICS?lstr2_Securitysystem+1
0x0387	0x3474 ;?ICS?lstr2_Securitysystem+2
0x0388	0x3465 ;?ICS?lstr2_Securitysystem+3
0x0389	0x3472 ;?ICS?lstr2_Securitysystem+4
0x038A	0x3420 ;?ICS?lstr2_Securitysystem+5
0x038B	0x3450 ;?ICS?lstr2_Securitysystem+6
0x038C	0x3461 ;?ICS?lstr2_Securitysystem+7
0x038D	0x3473 ;?ICS?lstr2_Securitysystem+8
0x038E	0x3473 ;?ICS?lstr2_Securitysystem+9
0x038F	0x3477 ;?ICS?lstr2_Securitysystem+10
0x0390	0x346F ;?ICS?lstr2_Securitysystem+11
0x0391	0x3472 ;?ICS?lstr2_Securitysystem+12
0x0392	0x3464 ;?ICS?lstr2_Securitysystem+13
0x0393	0x343A ;?ICS?lstr2_Securitysystem+14
0x0394	0x3420 ;?ICS?lstr2_Securitysystem+15
0x0395	0x3400 ;?ICS?lstr2_Securitysystem+16
; end of ?ICS?lstr2_Securitysystem
;Securitysystem.c,0 :: ?ICS?lstr6_Securitysystem
0x0396	0x3457 ;?ICS?lstr6_Securitysystem+0
0x0397	0x3472 ;?ICS?lstr6_Securitysystem+1
0x0398	0x346F ;?ICS?lstr6_Securitysystem+2
0x0399	0x346E ;?ICS?lstr6_Securitysystem+3
0x039A	0x3467 ;?ICS?lstr6_Securitysystem+4
0x039B	0x3420 ;?ICS?lstr6_Securitysystem+5
0x039C	0x3450 ;?ICS?lstr6_Securitysystem+6
0x039D	0x3461 ;?ICS?lstr6_Securitysystem+7
0x039E	0x3473 ;?ICS?lstr6_Securitysystem+8
0x039F	0x3473 ;?ICS?lstr6_Securitysystem+9
0x03A0	0x3477 ;?ICS?lstr6_Securitysystem+10
0x03A1	0x346F ;?ICS?lstr6_Securitysystem+11
0x03A2	0x3472 ;?ICS?lstr6_Securitysystem+12
0x03A3	0x3464 ;?ICS?lstr6_Securitysystem+13
0x03A4	0x3421 ;?ICS?lstr6_Securitysystem+14
0x03A5	0x3400 ;?ICS?lstr6_Securitysystem+15
; end of ?ICS?lstr6_Securitysystem
;Securitysystem.c,0 :: ?ICS?lstr5_Securitysystem
0x03A6	0x3457 ;?ICS?lstr5_Securitysystem+0
0x03A7	0x3465 ;?ICS?lstr5_Securitysystem+1
0x03A8	0x346C ;?ICS?lstr5_Securitysystem+2
0x03A9	0x3463 ;?ICS?lstr5_Securitysystem+3
0x03AA	0x346F ;?ICS?lstr5_Securitysystem+4
0x03AB	0x346D ;?ICS?lstr5_Securitysystem+5
0x03AC	0x3465 ;?ICS?lstr5_Securitysystem+6
0x03AD	0x345E ;?ICS?lstr5_Securitysystem+7
0x03AE	0x345F ;?ICS?lstr5_Securitysystem+8
0x03AF	0x345E ;?ICS?lstr5_Securitysystem+9
0x03B0	0x3400 ;?ICS?lstr5_Securitysystem+10
; end of ?ICS?lstr5_Securitysystem
;Securitysystem.c,0 :: ?ICS?lstr7_Securitysystem
0x03B1	0x3454 ;?ICS?lstr7_Securitysystem+0
0x03B2	0x3472 ;?ICS?lstr7_Securitysystem+1
0x03B3	0x3479 ;?ICS?lstr7_Securitysystem+2
0x03B4	0x3420 ;?ICS?lstr7_Securitysystem+3
0x03B5	0x3461 ;?ICS?lstr7_Securitysystem+4
0x03B6	0x3467 ;?ICS?lstr7_Securitysystem+5
0x03B7	0x3461 ;?ICS?lstr7_Securitysystem+6
0x03B8	0x3469 ;?ICS?lstr7_Securitysystem+7
0x03B9	0x346E ;?ICS?lstr7_Securitysystem+8
0x03BA	0x342E ;?ICS?lstr7_Securitysystem+9
0x03BB	0x342E ;?ICS?lstr7_Securitysystem+10
0x03BC	0x3400 ;?ICS?lstr7_Securitysystem+11
; end of ?ICS?lstr7_Securitysystem
;Securitysystem.c,0 :: ?ICS_i
0x03BD	0x3400 ;?ICS_i+0
; end of ?ICS_i
;Securitysystem.c,0 :: ?ICS?lstr3_Securitysystem
0x03BE	0x3445 ;?ICS?lstr3_Securitysystem+0
0x03BF	0x346E ;?ICS?lstr3_Securitysystem+1
0x03C0	0x3474 ;?ICS?lstr3_Securitysystem+2
0x03C1	0x3465 ;?ICS?lstr3_Securitysystem+3
0x03C2	0x3472 ;?ICS?lstr3_Securitysystem+4
0x03C3	0x3420 ;?ICS?lstr3_Securitysystem+5
0x03C4	0x3450 ;?ICS?lstr3_Securitysystem+6
0x03C5	0x3461 ;?ICS?lstr3_Securitysystem+7
0x03C6	0x3473 ;?ICS?lstr3_Securitysystem+8
0x03C7	0x3473 ;?ICS?lstr3_Securitysystem+9
0x03C8	0x3477 ;?ICS?lstr3_Securitysystem+10
0x03C9	0x346F ;?ICS?lstr3_Securitysystem+11
0x03CA	0x3472 ;?ICS?lstr3_Securitysystem+12
0x03CB	0x3464 ;?ICS?lstr3_Securitysystem+13
0x03CC	0x343A ;?ICS?lstr3_Securitysystem+14
0x03CD	0x3420 ;?ICS?lstr3_Securitysystem+15
0x03CE	0x3400 ;?ICS?lstr3_Securitysystem+16
; end of ?ICS?lstr3_Securitysystem
;Securitysystem.c,0 :: ?ICS_k
0x03CF	0x3400 ;?ICS_k+0
; end of ?ICS_k
;Securitysystem.c,0 :: ?ICS_pass
0x03D0	0x3431 ;?ICS_pass+0
0x03D1	0x3432 ;?ICS_pass+1
0x03D2	0x3433 ;?ICS_pass+2
0x03D3	0x3434 ;?ICS_pass+3
0x03D4	0x3435 ;?ICS_pass+4
0x03D5	0x3400 ;?ICS_pass+5
; end of ?ICS_pass
;Securitysystem.c,0 :: ?ICS_Q
0x03D6	0x3400 ;?ICS_Q+0
0x03D7	0x3400 ;?ICS_Q+1
; end of ?ICS_Q
;Securitysystem.c,0 :: ?ICS?lstr4_Securitysystem
0x03D8	0x3443 ;?ICS?lstr4_Securitysystem+0
0x03D9	0x346F ;?ICS?lstr4_Securitysystem+1
0x03DA	0x3472 ;?ICS?lstr4_Securitysystem+2
0x03DB	0x3472 ;?ICS?lstr4_Securitysystem+3
0x03DC	0x3465 ;?ICS?lstr4_Securitysystem+4
0x03DD	0x3463 ;?ICS?lstr4_Securitysystem+5
0x03DE	0x3474 ;?ICS?lstr4_Securitysystem+6
0x03DF	0x3420 ;?ICS?lstr4_Securitysystem+7
0x03E0	0x3450 ;?ICS?lstr4_Securitysystem+8
0x03E1	0x3461 ;?ICS?lstr4_Securitysystem+9
0x03E2	0x3473 ;?ICS?lstr4_Securitysystem+10
0x03E3	0x3473 ;?ICS?lstr4_Securitysystem+11
0x03E4	0x3477 ;?ICS?lstr4_Securitysystem+12
0x03E5	0x346F ;?ICS?lstr4_Securitysystem+13
0x03E6	0x3472 ;?ICS?lstr4_Securitysystem+14
0x03E7	0x3464 ;?ICS?lstr4_Securitysystem+15
0x03E8	0x3400 ;?ICS?lstr4_Securitysystem+16
; end of ?ICS?lstr4_Securitysystem
;Securitysystem.c,0 :: ?ICS?lstr9_Securitysystem
0x03E9	0x3473 ;?ICS?lstr9_Securitysystem+0
0x03EA	0x3479 ;?ICS?lstr9_Securitysystem+1
0x03EB	0x3473 ;?ICS?lstr9_Securitysystem+2
0x03EC	0x3474 ;?ICS?lstr9_Securitysystem+3
0x03ED	0x3465 ;?ICS?lstr9_Securitysystem+4
0x03EE	0x346D ;?ICS?lstr9_Securitysystem+5
0x03EF	0x3420 ;?ICS?lstr9_Securitysystem+6
0x03F0	0x3462 ;?ICS?lstr9_Securitysystem+7
0x03F1	0x3472 ;?ICS?lstr9_Securitysystem+8
0x03F2	0x3465 ;?ICS?lstr9_Securitysystem+9
0x03F3	0x3461 ;?ICS?lstr9_Securitysystem+10
0x03F4	0x346B ;?ICS?lstr9_Securitysystem+11
0x03F5	0x3400 ;?ICS?lstr9_Securitysystem+12
; end of ?ICS?lstr9_Securitysystem
;Securitysystem.c,0 :: ?ICS?lstr8_Securitysystem
0x03F6	0x3477 ;?ICS?lstr8_Securitysystem+0
0x03F7	0x3461 ;?ICS?lstr8_Securitysystem+1
0x03F8	0x3472 ;?ICS?lstr8_Securitysystem+2
0x03F9	0x346E ;?ICS?lstr8_Securitysystem+3
0x03FA	0x3469 ;?ICS?lstr8_Securitysystem+4
0x03FB	0x346E ;?ICS?lstr8_Securitysystem+5
0x03FC	0x3467 ;?ICS?lstr8_Securitysystem+6
0x03FD	0x3421 ;?ICS?lstr8_Securitysystem+7
0x03FE	0x3421 ;?ICS?lstr8_Securitysystem+8
0x03FF	0x3400 ;?ICS?lstr8_Securitysystem+9
; end of ?ICS?lstr8_Securitysystem
Symbol List:
//** Routines locations **
//ADDRESS    SIZE    PROCEDURE
//----------------------------------------------
0x0003       [6]    _Delay_1us
0x0009      [13]    _Delay_5500us
0x0016       [7]    _Delay_50us
0x001D      [74]    _Lcd_Cmd
0x0067       [8]    _Delay_10us
0x006F      [56]    _Keypad_Key_Press
0x00A7      [11]    _Lcd_Chr_CP
0x00B2       [7]    _____DoICP
0x00B9      [61]    _Lcd_Chr
0x00F6      [12]    ___CC2DW
0x0102      [17]    _Keypad_Key_Click
0x0113      [32]    _strcmp
0x0133      [10]    _Keypad_Init
0x013D      [92]    _key4x3
0x0199      [79]    _Lcd_Init
0x01E8      [73]    _Lcd_Out
0x0231     [308]    _main
//** Variables locations ** 
//ADDRESS    SIZE    VARIABLE
//----------------------------------------------
0x0000       [1]    INDF
0x0002       [1]    PCL
0x0003       [1]    STATUS
0x0004       [1]    FSR
0x0006       [0]    RB5_bit
0x0006       [0]    RB4_bit
0x0006       [0]    RB7_bit
0x0006       [0]    RB6_bit
0x0006       [0]    RB1_bit
0x0006       [0]    RB0_bit
0x0006       [0]    LCD_D4
0x0006       [0]    LCD_EN
0x0006       [0]    LCD_D7
0x0006       [0]    LCD_RS
0x0006       [0]    LCD_D5
0x0006       [0]    LCD_D6
0x0007       [1]    PORTC
0x0007       [1]    keypadPort
0x0008       [0]    RD1_bit
0x0008       [0]    RD0_bit
0x000A       [1]    PCLATH
0x0020       [9]    ?lstr1_Securitysystem
0x0029      [17]    ?lstr10_Securitysystem
0x003A      [17]    ?lstr2_Securitysystem
0x004B      [16]    ?lstr6_Securitysystem
0x005B      [11]    ?lstr5_Securitysystem
0x0066      [10]    ?lstr8_Securitysystem
0x0070       [1]    R0
0x0071       [1]    R1
0x0072       [1]    R2
0x0073       [1]    R3
0x0074       [1]    R4
0x0075       [1]    R5
0x0076       [1]    R6
0x0077       [1]    R7
0x0078       [1]    R8
0x0079       [1]    R9
0x007A       [1]    R10
0x007B       [1]    R11
0x007C       [1]    R12
0x007D       [1]    R13
0x007E       [1]    R14
0x007F       [1]    R15
0x0086       [0]    TRISB4_bit
0x0086       [0]    TRISB5_bit
0x0086       [0]    TRISB6_bit
0x0086       [0]    TRISB0_bit
0x0086       [0]    TRISB1_bit
0x0086       [0]    TRISB7_bit
0x0086       [0]    LCD_D6_Direction
0x0086       [0]    LCD_D5_Direction
0x0086       [0]    LCD_D4_Direction
0x0086       [0]    LCD_D7_Direction
0x0086       [0]    LCD_RS_Direction
0x0086       [0]    LCD_EN_Direction
0x0088       [1]    TRISD
0x00A0      [17]    ?lstr4_Securitysystem
0x00B1      [13]    ?lstr9_Securitysystem
0x00BE      [12]    ?lstr7_Securitysystem
0x00CA       [1]    _i
0x00CB      [17]    ?lstr3_Securitysystem
0x00DC       [1]    _k
0x00DD       [6]    _pass
0x00E3       [2]    _Q
0x00E5       [2]    ___DoICPAddr
0x00E7       [6]    _pass_input
0x00ED       [0]    __Lib_Lcd_cmd_status
0x00EE       [1]    FLOC__main
0x00EF       [1]    FARG_key4x3_x
0x00EF       [1]    Keypad_Key_Click_rslt_L0
0x00EF       [1]    Lcd_Out_i_L0
0x0110       [1]    FARG_strcmp_s1
0x0110       [1]    FARG_Lcd_Out_row
0x0110       [1]    FARG_Lcd_Chr_row
0x0111       [1]    FARG_Lcd_Out_column
0x0111       [1]    FARG_strcmp_s2
0x0111       [1]    FARG_Lcd_Chr_column
0x0112       [1]    FARG_Lcd_Chr_out_char
0x0112       [1]    FARG_Lcd_Out_text
0x0113       [1]    Keypad_Key_Press_rslt_L0
0x0113       [1]    FARG_Lcd_Chr_CP_out_char
0x0114       [1]    Keypad_Key_Press_kdata_L0
0x0115       [1]    Keypad_Key_Press_loc_L0
0x0116       [1]    Keypad_Key_Press_rowcnt_L0
0x0117       [1]    Keypad_Key_Press_shifter_L0
0x0118       [1]    FARG_Lcd_Cmd_out_char
//** Constants locations ** 
//ADDRESS    SIZE    CONSTANT
//----------------------------------------------
0x036B       [9]    ?ICS?lstr1_Securitysystem
0x0374      [17]    ?ICS?lstr10_Securitysystem
0x0385      [17]    ?ICS?lstr2_Securitysystem
0x0396      [16]    ?ICS?lstr6_Securitysystem
0x03A6      [11]    ?ICS?lstr5_Securitysystem
0x03B1      [12]    ?ICS?lstr7_Securitysystem
0x03BD       [1]    ?ICS_i
0x03BE      [17]    ?ICS?lstr3_Securitysystem
0x03CF       [1]    ?ICS_k
0x03D0       [6]    ?ICS_pass
0x03D6       [2]    ?ICS_Q
0x03D8      [17]    ?ICS?lstr4_Securitysystem
0x03E9      [13]    ?ICS?lstr9_Securitysystem
0x03F6      [10]    ?ICS?lstr8_Securitysystem
